03fc initialise_clink          109 ---- 2021/05/17 08:16:09.364 -------------------------------------------------
03fc initialise_clink          110 Host process is 'cmd.exe'
03fc initialise_clink          124 Windows version 10.0.19042 (x64)
03fc initialise_clink          127 Clink version 1.1.45.1c3985 (x64)
03fc hook_setter::hook_setter   36 >>> Started hook transaction.
03fc hook_iat                   53 Attempting to hook IAT for module 00007FF74FE80000
03fc hook_iat                   54 Target is (null),SetEnvironmentVariableW (by_name=1)
03fc pe_info::iterate_imports  154 Checking imports in 'msvcrt.dll'
03fc pe_info::iterate_imports  154 Checking imports in 'ntdll.dll'
03fc pe_info::iterate_imports  154 Checking imports in 'api-ms-win-core-kernel32-legacy-l1-1-0.dll'
03fc pe_info::iterate_imports  154 Checking imports in 'api-ms-win-core-libraryloader-l1-2-0.dll'
03fc pe_info::iterate_imports  154 Checking imports in 'api-ms-win-core-synch-l1-1-0.dll'
03fc pe_info::iterate_imports  154 Checking imports in 'api-ms-win-core-heap-l1-1-0.dll'
03fc pe_info::iterate_imports  154 Checking imports in 'api-ms-win-core-errorhandling-l1-1-0.dll'
03fc pe_info::iterate_imports  154 Checking imports in 'api-ms-win-core-processthreads-l1-1-0.dll'
03fc pe_info::iterate_imports  154 Checking imports in 'api-ms-win-core-localization-l1-2-0.dll'
03fc pe_info::iterate_imports  154 Checking imports in 'api-ms-win-core-debug-l1-1-0.dll'
03fc pe_info::iterate_imports  154 Checking imports in 'api-ms-win-core-handle-l1-1-0.dll'
03fc pe_info::iterate_imports  154 Checking imports in 'api-ms-win-core-memory-l1-1-0.dll'
03fc pe_info::iterate_imports  154 Checking imports in 'api-ms-win-core-console-l1-1-0.dll'
03fc pe_info::iterate_imports  154 Checking imports in 'api-ms-win-core-file-l1-1-0.dll'
03fc pe_info::iterate_imports  154 Checking imports in 'api-ms-win-core-string-l1-1-0.dll'
03fc pe_info::iterate_imports  154 Checking imports in 'api-ms-win-core-processenvironment-l1-1-0.dll'
03fc hook_iat                   81 Found import at 00007FF74FEB3860 (value = 00007FFEB1DBBDE0)
03fc hook_iat                   53 Attempting to hook IAT for module 00007FFE630A0000
03fc hook_iat                   54 Target is (null),SetEnvironmentVariableW (by_name=1)
03fc pe_info::iterate_imports  154 Checking imports in 'VERSION.dll'
03fc pe_info::iterate_imports  154 Checking imports in 'SHLWAPI.dll'
03fc pe_info::iterate_imports  154 Checking imports in 'RPCRT4.dll'
03fc pe_info::iterate_imports  154 Checking imports in 'dbghelp.dll'
03fc pe_info::iterate_imports  154 Checking imports in 'KERNEL32.dll'
03fc hook_iat                   81 Found import at 00007FFE63182208 (value = 00007FFEB38A09C0)
03fc hook_iat                   53 Attempting to hook IAT for module 00007FF74FE80000
03fc hook_iat                   54 Target is (null),WriteConsoleW (by_name=1)
03fc pe_info::iterate_imports  154 Checking imports in 'msvcrt.dll'
03fc pe_info::iterate_imports  154 Checking imports in 'ntdll.dll'
03fc pe_info::iterate_imports  154 Checking imports in 'api-ms-win-core-kernel32-legacy-l1-1-0.dll'
03fc pe_info::iterate_imports  154 Checking imports in 'api-ms-win-core-libraryloader-l1-2-0.dll'
03fc pe_info::iterate_imports  154 Checking imports in 'api-ms-win-core-synch-l1-1-0.dll'
03fc pe_info::iterate_imports  154 Checking imports in 'api-ms-win-core-heap-l1-1-0.dll'
03fc pe_info::iterate_imports  154 Checking imports in 'api-ms-win-core-errorhandling-l1-1-0.dll'
03fc pe_info::iterate_imports  154 Checking imports in 'api-ms-win-core-processthreads-l1-1-0.dll'
03fc pe_info::iterate_imports  154 Checking imports in 'api-ms-win-core-localization-l1-2-0.dll'
03fc pe_info::iterate_imports  154 Checking imports in 'api-ms-win-core-debug-l1-1-0.dll'
03fc pe_info::iterate_imports  154 Checking imports in 'api-ms-win-core-handle-l1-1-0.dll'
03fc pe_info::iterate_imports  154 Checking imports in 'api-ms-win-core-memory-l1-1-0.dll'
03fc pe_info::iterate_imports  154 Checking imports in 'api-ms-win-core-console-l1-1-0.dll'
03fc hook_iat                   81 Found import at 00007FF74FEB34F8 (value = 00007FFEB1D61500)
03fc hook_iat                   53 Attempting to hook IAT for module 00007FFE630A0000
03fc hook_iat                   54 Target is (null),WriteConsoleW (by_name=1)
03fc pe_info::iterate_imports  154 Checking imports in 'VERSION.dll'
03fc pe_info::iterate_imports  154 Checking imports in 'SHLWAPI.dll'
03fc pe_info::iterate_imports  154 Checking imports in 'RPCRT4.dll'
03fc pe_info::iterate_imports  154 Checking imports in 'dbghelp.dll'
03fc pe_info::iterate_imports  154 Checking imports in 'KERNEL32.dll'
03fc hook_iat                   81 Found import at 00007FFE631820E8 (value = 00007FFEB38A53C0)
03fc hook_iat                   53 Attempting to hook IAT for module 00007FF74FE80000
03fc hook_iat                   54 Target is (null),GetEnvironmentVariableW (by_name=1)
03fc pe_info::iterate_imports  154 Checking imports in 'msvcrt.dll'
03fc pe_info::iterate_imports  154 Checking imports in 'ntdll.dll'
03fc pe_info::iterate_imports  154 Checking imports in 'api-ms-win-core-kernel32-legacy-l1-1-0.dll'
03fc pe_info::iterate_imports  154 Checking imports in 'api-ms-win-core-libraryloader-l1-2-0.dll'
03fc pe_info::iterate_imports  154 Checking imports in 'api-ms-win-core-synch-l1-1-0.dll'
03fc pe_info::iterate_imports  154 Checking imports in 'api-ms-win-core-heap-l1-1-0.dll'
03fc pe_info::iterate_imports  154 Checking imports in 'api-ms-win-core-errorhandling-l1-1-0.dll'
03fc pe_info::iterate_imports  154 Checking imports in 'api-ms-win-core-processthreads-l1-1-0.dll'
03fc pe_info::iterate_imports  154 Checking imports in 'api-ms-win-core-localization-l1-2-0.dll'
03fc pe_info::iterate_imports  154 Checking imports in 'api-ms-win-core-debug-l1-1-0.dll'
03fc pe_info::iterate_imports  154 Checking imports in 'api-ms-win-core-handle-l1-1-0.dll'
03fc pe_info::iterate_imports  154 Checking imports in 'api-ms-win-core-memory-l1-1-0.dll'
03fc pe_info::iterate_imports  154 Checking imports in 'api-ms-win-core-console-l1-1-0.dll'
03fc pe_info::iterate_imports  154 Checking imports in 'api-ms-win-core-file-l1-1-0.dll'
03fc pe_info::iterate_imports  154 Checking imports in 'api-ms-win-core-string-l1-1-0.dll'
03fc pe_info::iterate_imports  154 Checking imports in 'api-ms-win-core-processenvironment-l1-1-0.dll'
03fc hook_iat                   81 Found import at 00007FF74FEB3880 (value = 00007FFEB1D7A780)
03fc hook_iat                   53 Attempting to hook IAT for module 00007FFE630A0000
03fc hook_iat                   54 Target is (null),GetEnvironmentVariableW (by_name=1)
03fc pe_info::iterate_imports  154 Checking imports in 'VERSION.dll'
03fc pe_info::iterate_imports  154 Checking imports in 'SHLWAPI.dll'
03fc pe_info::iterate_imports  154 Checking imports in 'RPCRT4.dll'
03fc pe_info::iterate_imports  154 Checking imports in 'dbghelp.dll'
03fc pe_info::iterate_imports  154 Checking imports in 'KERNEL32.dll'
03fc hook_iat                   81 Found import at 00007FFE63182200 (value = 00007FFEB389B620)
03fc hook_setter::commit        88 <<< Hook transaction committed.
03fc hook_iat                   53 Attempting to hook IAT for module 00007FF74FE80000
03fc hook_iat                   54 Target is (null),GetEnvironmentVariableW (by_name=1)
03fc pe_info::iterate_imports  154 Checking imports in 'msvcrt.dll'
03fc pe_info::iterate_imports  154 Checking imports in 'ntdll.dll'
03fc pe_info::iterate_imports  154 Checking imports in 'api-ms-win-core-kernel32-legacy-l1-1-0.dll'
03fc pe_info::iterate_imports  154 Checking imports in 'api-ms-win-core-libraryloader-l1-2-0.dll'
03fc pe_info::iterate_imports  154 Checking imports in 'api-ms-win-core-synch-l1-1-0.dll'
03fc pe_info::iterate_imports  154 Checking imports in 'api-ms-win-core-heap-l1-1-0.dll'
03fc pe_info::iterate_imports  154 Checking imports in 'api-ms-win-core-errorhandling-l1-1-0.dll'
03fc pe_info::iterate_imports  154 Checking imports in 'api-ms-win-core-processthreads-l1-1-0.dll'
03fc pe_info::iterate_imports  154 Checking imports in 'api-ms-win-core-localization-l1-2-0.dll'
03fc pe_info::iterate_imports  154 Checking imports in 'api-ms-win-core-debug-l1-1-0.dll'
03fc pe_info::iterate_imports  154 Checking imports in 'api-ms-win-core-handle-l1-1-0.dll'
03fc pe_info::iterate_imports  154 Checking imports in 'api-ms-win-core-memory-l1-1-0.dll'
03fc pe_info::iterate_imports  154 Checking imports in 'api-ms-win-core-console-l1-1-0.dll'
03fc pe_info::iterate_imports  154 Checking imports in 'api-ms-win-core-file-l1-1-0.dll'
03fc pe_info::iterate_imports  154 Checking imports in 'api-ms-win-core-string-l1-1-0.dll'
03fc pe_info::iterate_imports  154 Checking imports in 'api-ms-win-core-processenvironment-l1-1-0.dll'
03fc hook_iat                   81 Found import at 00007FF74FEB3880 (value = 00007FFE630B0D30)
03fc hook_setter::hook_setter   36 >>> Started hook transaction.
03fc hook_setter::add_detour   119 Attempting to hook ReadConsoleW in kernelbase.dll with 00007FFE630B10C0.
03fc add_repair_iat_node       135 Attempting to hook IAT for module 00007FFE630A0000.
03fc add_repair_iat_node       143 Target is ReadConsoleW (by name).
03fc pe_info::iterate_imports  154 Checking imports in 'VERSION.dll'
03fc pe_info::iterate_imports  154 Checking imports in 'SHLWAPI.dll'
03fc pe_info::iterate_imports  154 Checking imports in 'RPCRT4.dll'
03fc pe_info::iterate_imports  154 Checking imports in 'dbghelp.dll'
03fc pe_info::iterate_imports  154 Checking imports in 'KERNEL32.dll'
03fc add_repair_iat_node       168 Found import at 00007FFE631821F8 (value is 00007FFEB38A5370).
03fc hook_setter::commit        88 <<< Hook transaction committed.
03fc reset_handle              140 resetting mismatched stdout handle
03fc win_screen_buffer::begin  184 Using native terminal support; found 'conemuhk64.dll'.
03fc history_db::initialise   1061 master bank ctag: |CTAG_1621211021_47498046_10272_0
03fc history_db::compact      1231 History:  4 active, 2 deleted
03fc history_db::compact      1231 History:  5 active, 2 deleted
03fc history_db::compact      1231 History:  6 active, 2 deleted
